\BOOKMARK [1][-]{section.1}{Introduction}{}% 1
\BOOKMARK [2][-]{subsection.1.1}{Purpose and Scope}{section.1}% 2
\BOOKMARK [1][-]{section.2}{Overview}{}% 3
\BOOKMARK [1][-]{section.3}{Global Specifications}{}% 4
\BOOKMARK [2][-]{subsection.3.1}{Python Packages}{section.3}% 5
\BOOKMARK [2][-]{subsection.3.2}{Coding Conventions}{section.3}% 6
\BOOKMARK [3][-]{subsubsection.3.2.1}{Module Type}{subsection.3.2}% 7
\BOOKMARK [3][-]{subsubsection.3.2.2}{Callable Attributes}{subsection.3.2}% 8
\BOOKMARK [1][-]{section.4}{Backbone}{}% 9
\BOOKMARK [2][-]{subsection.4.1}{Specification Format}{section.4}% 10
\BOOKMARK [2][-]{subsection.4.2}{Modules Specification}{section.4}% 11
\BOOKMARK [2][-]{subsection.4.3}{Universal Parameters}{section.4}% 12
\BOOKMARK [1][-]{section.5}{Module Specifications}{}% 13
\BOOKMARK [2][-]{subsection.5.1}{Planet Population}{section.5}% 14
\BOOKMARK [3][-]{subsubsection.5.1.1}{Planet Population Object Attribute Initialization}{subsection.5.1}% 15
\BOOKMARK [3][-]{subsubsection.5.1.2}{Planet Population Value Generators}{subsection.5.1}% 16
\BOOKMARK [2][-]{subsection.5.2}{Planet Physical Model}{section.5}% 17
\BOOKMARK [2][-]{subsection.5.3}{Star Catalog}{section.5}% 18
\BOOKMARK [3][-]{subsubsection.5.3.1}{Star Catalog Object Attribute Initialization}{subsection.5.3}% 19
\BOOKMARK [2][-]{subsection.5.4}{Optical System}{section.5}% 20
\BOOKMARK [3][-]{subsubsection.5.4.1}{Optical System Object Attribute Initialization}{subsection.5.4}% 21
\BOOKMARK [3][-]{subsubsection.5.4.2}{calc\137maxintTime Method}{subsection.5.4}% 22
\BOOKMARK [3][-]{subsubsection.5.4.3}{calc\137intTime Method}{subsection.5.4}% 23
\BOOKMARK [3][-]{subsubsection.5.4.4}{calc\137charTime Method}{subsection.5.4}% 24
\BOOKMARK [3][-]{subsubsection.5.4.5}{Cp\137Cb Method}{subsection.5.4}% 25
\BOOKMARK [2][-]{subsection.5.5}{Zodiacal Light}{section.5}% 26
\BOOKMARK [3][-]{subsubsection.5.5.1}{Zodiacal Light Object Attribute Initialization}{subsection.5.5}% 27
\BOOKMARK [3][-]{subsubsection.5.5.2}{fZ Method}{subsection.5.5}% 28
\BOOKMARK [3][-]{subsubsection.5.5.3}{fEZ Method}{subsection.5.5}% 29
\BOOKMARK [2][-]{subsection.5.6}{Background Sources}{section.5}% 30
\BOOKMARK [3][-]{subsubsection.5.6.1}{dNbackground}{subsection.5.6}% 31
\BOOKMARK [2][-]{subsection.5.7}{Observatory}{section.5}% 32
\BOOKMARK [3][-]{subsubsection.5.7.1}{Observatory Object Attribute Initialization}{subsection.5.7}% 33
\BOOKMARK [3][-]{subsubsection.5.7.2}{orbit Method}{subsection.5.7}% 34
\BOOKMARK [3][-]{subsubsection.5.7.3}{keepout Method}{subsection.5.7}% 35
\BOOKMARK [3][-]{subsubsection.5.7.4}{solarSystem\137body\137position Method}{subsection.5.7}% 36
\BOOKMARK [2][-]{subsection.5.8}{Time Keeping}{section.5}% 37
\BOOKMARK [3][-]{subsubsection.5.8.1}{Time Keeping Object Attribute Initialization}{subsection.5.8}% 38
\BOOKMARK [3][-]{subsubsection.5.8.2}{update\137times Method}{subsection.5.8}% 39
\BOOKMARK [3][-]{subsubsection.5.8.3}{duty\137cycle Method}{subsection.5.8}% 40
\BOOKMARK [2][-]{subsection.5.9}{Post-Processing}{section.5}% 41
\BOOKMARK [3][-]{subsubsection.5.9.1}{Post-Processing Object Attribute Initialization}{subsection.5.9}% 42
\BOOKMARK [3][-]{subsubsection.5.9.2}{det\137occur Method}{subsection.5.9}% 43
\BOOKMARK [2][-]{subsection.5.10}{Completeness}{section.5}% 44
\BOOKMARK [3][-]{subsubsection.5.10.1}{Completeness Object Attribute Initialization}{subsection.5.10}% 45
\BOOKMARK [3][-]{subsubsection.5.10.2}{target\137completeness Method}{subsection.5.10}% 46
\BOOKMARK [3][-]{subsubsection.5.10.3}{gen\137update Method}{subsection.5.10}% 47
\BOOKMARK [3][-]{subsubsection.5.10.4}{completeness\137update Method}{subsection.5.10}% 48
\BOOKMARK [2][-]{subsection.5.11}{Target List}{section.5}% 49
\BOOKMARK [3][-]{subsubsection.5.11.1}{Target List Object Attribute Initialization}{subsection.5.11}% 50
\BOOKMARK [3][-]{subsubsection.5.11.2}{starMag Method}{subsection.5.11}% 51
\BOOKMARK [3][-]{subsubsection.5.11.3}{populate\137target\137list method}{subsection.5.11}% 52
\BOOKMARK [3][-]{subsubsection.5.11.4}{filter\137target\137list method}{subsection.5.11}% 53
\BOOKMARK [3][-]{subsubsection.5.11.5}{Target List Filtering Helper Methods}{subsection.5.11}% 54
\BOOKMARK [2][-]{subsection.5.12}{Simulated Universe}{section.5}% 55
\BOOKMARK [3][-]{subsubsection.5.12.1}{Attributes}{subsection.5.12}% 56
\BOOKMARK [3][-]{subsubsection.5.12.2}{gen\137planetary\137system Method}{subsection.5.12}% 57
\BOOKMARK [3][-]{subsubsection.5.12.3}{planet\137pos\137vel Method}{subsection.5.12}% 58
\BOOKMARK [3][-]{subsubsection.5.12.4}{prop\137system Method}{subsection.5.12}% 59
\BOOKMARK [3][-]{subsubsection.5.12.5}{get\137current\137WA Method}{subsection.5.12}% 60
\BOOKMARK [2][-]{subsection.5.13}{Survey Simulation}{section.5}% 61
\BOOKMARK [3][-]{subsubsection.5.13.1}{Survey Simulation Object Attribute Initialization}{subsection.5.13}% 62
\BOOKMARK [3][-]{subsubsection.5.13.2}{run\137sim Method}{subsection.5.13}% 63
\BOOKMARK [3][-]{subsubsection.5.13.3}{initial\137target Sub-task}{subsection.5.13}% 64
\BOOKMARK [3][-]{subsubsection.5.13.4}{observation\137detection Sub-task}{subsection.5.13}% 65
\BOOKMARK [3][-]{subsubsection.5.13.5}{det\137data Sub-task}{subsection.5.13}% 66
\BOOKMARK [3][-]{subsubsection.5.13.6}{observation\137characterization Sub-task}{subsection.5.13}% 67
\BOOKMARK [3][-]{subsubsection.5.13.7}{next\137target Sub-task}{subsection.5.13}% 68
\BOOKMARK [2][-]{subsection.5.14}{Survey Ensemble}{section.5}% 69
